<?xml version="1.0" encoding="UTF-8"?>
<!-- Generated by org.testng.reporters.JUnitReportReporter -->
<testsuite skipped="0" hostname="LAPTOP-3QIEG8I8" name="com.training.regression.tests.LoginDBTest" tests="3" failures="0" timestamp="21 May 2020 05:50:52 GMT" time="81.646" errors="0">
  <testcase name="loginDBTest" time="27.784" classname="com.training.regression.tests.LoginDBTest"/>
  <testcase name="loginDBTest" time="26.790" classname="com.training.regression.tests.LoginDBTest"/>
  <testcase name="loginDBTest" time="27.072" classname="com.training.regression.tests.LoginDBTest"/>
</testsuite> <!-- com.training.regression.tests.LoginDBTest -->
