<?xml version="1.0" encoding="UTF-8"?>
<!-- Generated by org.testng.reporters.JUnitReportReporter -->
<testsuite skipped="2" hostname="LAPTOP-3QIEG8I8" name="com.training.sanity.tests.LoginTests" tests="4" failures="0" timestamp="16 May 2020 05:14:30 GMT" time="25.205" errors="0">
  <testcase name="validLoginTest" time="5.658" classname="com.training.sanity.tests.LoginTests"/>
  <testcase name="addNewProperty" time="19.547" classname="com.training.sanity.tests.LoginTests"/>
  <testcase name="enquireAndCalculateLoan" classname="com.training.sanity.tests.LoginTests">
    <skipped/>
  </testcase> <!-- enquireAndCalculateLoan -->
  <testcase name="registerUserTest" classname="com.training.sanity.tests.LoginTests">
    <skipped/>
  </testcase> <!-- registerUserTest -->
</testsuite> <!-- com.training.sanity.tests.LoginTests -->
