<?xml version="1.0" encoding="UTF-8"?>
<!-- Generated by org.testng.reporters.JUnitReportReporter -->
<testsuite skipped="1" hostname="LAPTOP-3QIEG8I8" name="com.training.sanity.tests.LoginTests" tests="3" failures="0" timestamp="08 May 2020 02:05:31 GMT" time="14.050" errors="0">
  <testcase name="validLoginTest" time="8.542" classname="com.training.sanity.tests.LoginTests"/>
  <testcase name="deleteCategories" time="5.508" classname="com.training.sanity.tests.LoginTests"/>
  <testcase name="registerUserTest" classname="com.training.sanity.tests.LoginTests">
    <skipped/>
  </testcase> <!-- registerUserTest -->
</testsuite> <!-- com.training.sanity.tests.LoginTests -->
