<?xml version="1.0" encoding="UTF-8"?>
<!-- Generated by org.testng.reporters.JUnitReportReporter -->
<testsuite skipped="1" hostname="LAPTOP-3QIEG8I8" name="com.training.sanity.tests.LoginTests" tests="3" failures="0" timestamp="08 May 2020 07:12:36 GMT" time="13.678" errors="0">
  <testcase name="validLoginTest" time="6.133" classname="com.training.sanity.tests.LoginTests"/>
  <testcase name="deleteCategories" time="7.545" classname="com.training.sanity.tests.LoginTests"/>
  <testcase name="registerUserTest" classname="com.training.sanity.tests.LoginTests">
    <skipped/>
  </testcase> <!-- registerUserTest -->
</testsuite> <!-- com.training.sanity.tests.LoginTests -->
