<?xml version="1.0" encoding="UTF-8"?>
<!-- Generated by org.testng.reporters.JUnitReportReporter -->
<testsuite skipped="0" hostname="LAPTOP-3QIEG8I8" name="com.training.regression.tests.LoginExcelTest" tests="6" failures="0" timestamp="21 May 2020 03:47:27 GMT" time="197.487" errors="0">
  <testcase name="loginExcelValidDataTest" time="39.954" classname="com.training.regression.tests.LoginExcelTest"/>
  <testcase name="loginExcelValidDataTest" time="33.844" classname="com.training.regression.tests.LoginExcelTest"/>
  <testcase name="loginExcelValidDataTest" time="27.851" classname="com.training.regression.tests.LoginExcelTest"/>
  <testcase name="loginExcelInvalidDataTest" time="32.764" classname="com.training.regression.tests.LoginExcelTest"/>
  <testcase name="loginExcelInvalidDataTest" time="32.094" classname="com.training.regression.tests.LoginExcelTest"/>
  <testcase name="loginExcelInvalidDataTest" time="30.980" classname="com.training.regression.tests.LoginExcelTest"/>
</testsuite> <!-- com.training.regression.tests.LoginExcelTest -->
